<?xml version="1.0" encoding="UTF-8"?>
<!-- Generated by org.testng.reporters.JUnitXMLReporter -->
<testsuite ignored="0" hostname="DESKTOP-MAFL5QB" failures="2" tests="3" name="Test" time="65.426" errors="0" timestamp="2024-09-24T09:40:22 IST">
  <testcase classname="testCases.TC06_JSE_LoginDDTest" name="verifyLoginDDT" time="1.073"/>
  <testcase classname="testCases.TC06_JSE_LoginDDTest" name="verifyLoginDDT" time="20.595">
    <failure type="java.lang.AssertionError" message="null">
      <![CDATA[java.lang.AssertionError: null
at testCases.TC06_JSE_LoginDDTest.verifyLoginDDT(TC06_JSE_LoginDDTest.java:105)
at java.base/java.util.ArrayList.forEach(ArrayList.java:1511)
... Removed 33 stack frames]]>
    </failure>
  </testcase> <!-- verifyLoginDDT -->
  <testcase classname="testCases.TC06_JSE_LoginDDTest" name="verifyLoginDDT" time="20.761">
    <failure type="java.lang.AssertionError" message="null">
      <![CDATA[java.lang.AssertionError: null
at testCases.TC06_JSE_LoginDDTest.verifyLoginDDT(TC06_JSE_LoginDDTest.java:105)
at java.base/java.util.ArrayList.forEach(ArrayList.java:1511)
... Removed 33 stack frames]]>
    </failure>
  </testcase> <!-- verifyLoginDDT -->
</testsuite> <!-- Test -->
