<?xml version="1.0" encoding="UTF-8"?>
<!-- Generated by org.testng.reporters.JUnitXMLReporter -->
<testsuite ignored="0" hostname="DESKTOP-MAFL5QB" failures="0" tests="6" name="Test" time="60.158" errors="0" timestamp="2024-09-29T07:16:07 IST">
  <testcase classname="testCases.TC03_JSE_LoginDDTest" name="verifyLoginDDT" time="4.03"/>
  <testcase classname="testCases.TC03_JSE_LoginDDTest" name="verifyLoginDDT" time="13.578"/>
  <testcase classname="testCases.TC03_JSE_LoginDDTest" name="verifyLoginDDT" time="4.562"/>
  <testcase classname="testCases.TC03_JSE_LoginDDTest" name="verifyLoginDDT" time="13.737"/>
  <testcase classname="testCases.TC03_JSE_LoginDDTest" name="verifyLoginDDT" time="4.028"/>
  <testcase classname="testCases.TC03_JSE_LoginDDTest" name="verifyLoginDDT" time="13.556"/>
</testsuite> <!-- Test -->
