<?xml version="1.0" encoding="UTF-8"?>
<testsuite xmlns:xsi="http://www.w3.org/2001/XMLSchema-instance" xsi:noNamespaceSchemaLocation="https://maven.apache.org/surefire/maven-surefire-plugin/xsd/surefire-test-report.xsd" version="3.0.2" name="TestSuite" time="25.195" tests="1" errors="0" skipped="0" failures="0">
  <properties>
[...]
</properties>
  <testcase name="login" classname="testCases.TC04_JSE_LoginTest" time="13.807">
    <system-out><![CDATA[22:57:11.679 [main] DEBUG org.testng.TestNG - suiteXmlPath: "D:\OIT\BackendWorkspace\QafoxCartV1\master.xml"
22:57:20.068 [main] INFO  testCases.TC04_JSE_LoginTest - ****** Starting TC04_JSE_LoginTest ******
22:57:28.234 [main] INFO  testCases.TC04_JSE_LoginTest - MyAccountWebElmnt() is [[ChromeDriver: chrome on windows (a62f8af8a85eed53c6b0deae54b48047)] -> xpath: //span[normalize-space()='My Account']]
22:57:28.241 [main] INFO  testCases.TC04_JSE_LoginTest - Clicked on MyAccount Link
22:57:28.840 [main] INFO  testCases.TC04_JSE_LoginTest - Clicked on Login Link
22:57:33.856 [main] INFO  testCases.TC04_JSE_LoginTest - ****** Finished TC02_LoginTest ******
]]></system-out>
    <system-err><![CDATA[Sep 23, 2024 10:57:15 PM org.openqa.selenium.devtools.CdpVersionFinder findNearestMatch
WARNING: Unable to find an exact match for CDP version 128, returning the closest version; found: 126; Please update to a Selenium version that supports CDP version 128
]]></system-err>
  </testcase>
</testsuite>