<?xml version="1.0" encoding="UTF-8"?>
<testng-results ignored="0" total="1" passed="1" failed="0" skipped="0">
  <reporter-output>
  </reporter-output>
  <suite started-at="2024-09-23T22:57:11 IST" name="Master Suite" finished-at="2024-09-23T22:57:34 IST" duration-ms="22756">
    <groups>
    </groups>
    <test started-at="2024-09-23T22:57:11 IST" name="Test" finished-at="2024-09-23T22:57:34 IST" duration-ms="22756">
      <class name="testCases.TC04_JSE_LoginTest">
        <test-method is-config="true" signature="setup(java.lang.String,java.lang.String)[pri:0, instance:testCases.TC04_JSE_LoginTest@410ae9a3]" started-at="2024-09-23T22:57:12 IST" name="setup" finished-at="2024-09-23T22:57:20 IST" duration-ms="8020" status="PASS">
          <params>
            <param index="0">
              <value>
                <![CDATA[Windows]]>
              </value>
            </param>
            <param index="1">
              <value>
                <![CDATA[chrome]]>
              </value>
            </param>
          </params>
          <reporter-output>
          </reporter-output>
        </test-method> <!-- setup -->
        <test-method signature="login()[pri:0, instance:testCases.TC04_JSE_LoginTest@410ae9a3]" started-at="2024-09-23T22:57:20 IST" name="login" finished-at="2024-09-23T22:57:33 IST" duration-ms="13791" status="PASS">
          <reporter-output>
          </reporter-output>
        </test-method> <!-- login -->
        <test-method is-config="true" signature="tearDown()[pri:0, instance:testCases.TC04_JSE_LoginTest@410ae9a3]" started-at="2024-09-23T22:57:33 IST" name="tearDown" finished-at="2024-09-23T22:57:34 IST" duration-ms="778" status="PASS">
          <reporter-output>
          </reporter-output>
        </test-method> <!-- tearDown -->
      </class> <!-- testCases.TC04_JSE_LoginTest -->
    </test> <!-- Test -->
  </suite> <!-- Master Suite -->
</testng-results>
