<?xml version="1.0" encoding="UTF-8"?>
<testng-results ignored="0" total="6" passed="6" failed="0" skipped="0">
  <reporter-output>
  </reporter-output>
  <suite started-at="2024-09-29T07:15:05 IST" name="Master Suite" finished-at="2024-09-29T07:16:06 IST" duration-ms="60158">
    <groups>
      <group name="Datadriven">
        <method signature="TC03_JSE_LoginDDTest.verifyLoginDDT(java.lang.String,java.lang.String,java.lang.String)[pri:0, instance:testCases.TC03_JSE_LoginDDTest@72f46e16]" name="verifyLoginDDT" class="testCases.TC03_JSE_LoginDDTest"/>
      </group> <!-- Datadriven -->
    </groups>
    <test started-at="2024-09-29T07:15:05 IST" name="Test" finished-at="2024-09-29T07:16:06 IST" duration-ms="60158">
      <class name="testCases.TC03_JSE_LoginDDTest">
        <test-method is-config="true" signature="setup(java.lang.String,java.lang.String)[pri:0, instance:testCases.TC03_JSE_LoginDDTest@72f46e16]" started-at="2024-09-29T07:15:06 IST" name="setup" finished-at="2024-09-29T07:15:10 IST" duration-ms="4752" status="PASS">
          <params>
            <param index="0">
              <value>
                <![CDATA[Windows]]>
              </value>
            </param>
            <param index="1">
              <value>
                <![CDATA[chrome]]>
              </value>
            </param>
          </params>
          <reporter-output>
          </reporter-output>
        </test-method> <!-- setup -->
        <test-method signature="verifyLoginDDT(java.lang.String,java.lang.String,java.lang.String)[pri:0, instance:testCases.TC03_JSE_LoginDDTest@72f46e16]" started-at="2024-09-29T07:15:11 IST" name="verifyLoginDDT" data-provider="LoginData" finished-at="2024-09-29T07:15:15 IST" duration-ms="4030" status="PASS">
          <params>
            <param index="0">
              <value>
                <![CDATA[cnidq@yahoo.com]]>
              </value>
            </param>
            <param index="1">
              <value>
                <![CDATA[iifEL]]>
              </value>
            </param>
            <param index="2">
              <value>
                <![CDATA[Valid]]>
              </value>
            </param>
          </params>
          <reporter-output>
          </reporter-output>
        </test-method> <!-- verifyLoginDDT -->
        <test-method signature="verifyLoginDDT(java.lang.String,java.lang.String,java.lang.String)[pri:0, instance:testCases.TC03_JSE_LoginDDTest@72f46e16]" started-at="2024-09-29T07:15:15 IST" name="verifyLoginDDT" data-provider="LoginData" finished-at="2024-09-29T07:15:29 IST" duration-ms="13578" status="PASS">
          <params>
            <param index="0">
              <value>
                <![CDATA[random@gmail.com]]>
              </value>
            </param>
            <param index="1">
              <value>
                <![CDATA[randompassword]]>
              </value>
            </param>
            <param index="2">
              <value>
                <![CDATA[Invalid]]>
              </value>
            </param>
          </params>
          <reporter-output>
          </reporter-output>
        </test-method> <!-- verifyLoginDDT -->
        <test-method signature="verifyLoginDDT(java.lang.String,java.lang.String,java.lang.String)[pri:0, instance:testCases.TC03_JSE_LoginDDTest@72f46e16]" started-at="2024-09-29T07:15:29 IST" name="verifyLoginDDT" data-provider="LoginData" finished-at="2024-09-29T07:15:33 IST" duration-ms="4562" status="PASS">
          <params>
            <param index="0">
              <value>
                <![CDATA[cnidq@yahoo.com]]>
              </value>
            </param>
            <param index="1">
              <value>
                <![CDATA[iifEL]]>
              </value>
            </param>
            <param index="2">
              <value>
                <![CDATA[Valid]]>
              </value>
            </param>
          </params>
          <reporter-output>
          </reporter-output>
        </test-method> <!-- verifyLoginDDT -->
        <test-method signature="verifyLoginDDT(java.lang.String,java.lang.String,java.lang.String)[pri:0, instance:testCases.TC03_JSE_LoginDDTest@72f46e16]" started-at="2024-09-29T07:15:33 IST" name="verifyLoginDDT" data-provider="LoginData" finished-at="2024-09-29T07:15:47 IST" duration-ms="13737" status="PASS">
          <params>
            <param index="0">
              <value>
                <![CDATA[random@gmail.com]]>
              </value>
            </param>
            <param index="1">
              <value>
                <![CDATA[randompassword]]>
              </value>
            </param>
            <param index="2">
              <value>
                <![CDATA[Invalid]]>
              </value>
            </param>
          </params>
          <reporter-output>
          </reporter-output>
        </test-method> <!-- verifyLoginDDT -->
        <test-method signature="verifyLoginDDT(java.lang.String,java.lang.String,java.lang.String)[pri:0, instance:testCases.TC03_JSE_LoginDDTest@72f46e16]" started-at="2024-09-29T07:15:47 IST" name="verifyLoginDDT" data-provider="LoginData" finished-at="2024-09-29T07:15:51 IST" duration-ms="4028" status="PASS">
          <params>
            <param index="0">
              <value>
                <![CDATA[cnidq@yahoo.com]]>
              </value>
            </param>
            <param index="1">
              <value>
                <![CDATA[iifEL]]>
              </value>
            </param>
            <param index="2">
              <value>
                <![CDATA[Valid]]>
              </value>
            </param>
          </params>
          <reporter-output>
          </reporter-output>
        </test-method> <!-- verifyLoginDDT -->
        <test-method signature="verifyLoginDDT(java.lang.String,java.lang.String,java.lang.String)[pri:0, instance:testCases.TC03_JSE_LoginDDTest@72f46e16]" started-at="2024-09-29T07:15:51 IST" name="verifyLoginDDT" data-provider="LoginData" finished-at="2024-09-29T07:16:05 IST" duration-ms="13556" status="PASS">
          <params>
            <param index="0">
              <value>
                <![CDATA[random@gmail.com]]>
              </value>
            </param>
            <param index="1">
              <value>
                <![CDATA[randompassword]]>
              </value>
            </param>
            <param index="2">
              <value>
                <![CDATA[Invalid]]>
              </value>
            </param>
          </params>
          <reporter-output>
          </reporter-output>
        </test-method> <!-- verifyLoginDDT -->
        <test-method is-config="true" signature="tearDown()[pri:0, instance:testCases.TC03_JSE_LoginDDTest@72f46e16]" started-at="2024-09-29T07:16:05 IST" name="tearDown" finished-at="2024-09-29T07:16:06 IST" duration-ms="1041" status="PASS">
          <reporter-output>
          </reporter-output>
        </test-method> <!-- tearDown -->
      </class> <!-- testCases.TC03_JSE_LoginDDTest -->
    </test> <!-- Test -->
  </suite> <!-- Master Suite -->
</testng-results>
