<?xml version="1.0" encoding="UTF-8"?>
<testng-results ignored="0" total="1" passed="1" failed="0" skipped="0">
  <reporter-output>
  </reporter-output>
  <suite started-at="2024-09-23T19:54:54 IST" name="Master Suite" finished-at="2024-09-23T19:55:02 IST" duration-ms="8038">
    <groups>
    </groups>
    <test started-at="2024-09-23T19:54:54 IST" name="Test" finished-at="2024-09-23T19:55:02 IST" duration-ms="8038">
      <class name="testCases.TC04_JavascriptExecutor_Test">
        <test-method is-config="true" signature="setup(java.lang.String,java.lang.String)[pri:0, instance:testCases.TC04_JavascriptExecutor_Test@549621f3]" started-at="2024-09-23T19:54:54 IST" name="setup" finished-at="2024-09-23T19:54:57 IST" duration-ms="3028" status="PASS">
          <params>
            <param index="0">
              <value>
                <![CDATA[Windows]]>
              </value>
            </param>
            <param index="1">
              <value>
                <![CDATA[chrome]]>
              </value>
            </param>
          </params>
          <reporter-output>
          </reporter-output>
        </test-method> <!-- setup -->
        <test-method signature="login()[pri:0, instance:testCases.TC04_JavascriptExecutor_Test@549621f3]" started-at="2024-09-23T19:54:57 IST" name="login" finished-at="2024-09-23T19:55:01 IST" duration-ms="4247" status="PASS">
          <reporter-output>
          </reporter-output>
        </test-method> <!-- login -->
        <test-method is-config="true" signature="tearDown()[pri:0, instance:testCases.TC04_JavascriptExecutor_Test@549621f3]" started-at="2024-09-23T19:55:01 IST" name="tearDown" finished-at="2024-09-23T19:55:02 IST" duration-ms="583" status="PASS">
          <reporter-output>
          </reporter-output>
        </test-method> <!-- tearDown -->
      </class> <!-- testCases.TC04_JavascriptExecutor_Test -->
    </test> <!-- Test -->
  </suite> <!-- Master Suite -->
</testng-results>
